AmbulanceDriver-master/AmbulanceDriver-master/app/build/outputs/logs/manifest-merger-debug-report.txt
-- Merging decision tree log ---
manifest
ADDED from src\main\AndroidManifest.xml:2:1-65:12
INJECTED from src\main\AndroidManifest.xml:2:1-65:12
INJECTED from src\main\AndroidManifest.xml:2:1-65:12
INJECTED from src\main\AndroidManifest.xml:2:1-65:12
MERGED from [com.google.firebase:firebase-database:11.6.0] AndroidManifest.xml:2:1-4:12
MERGED from [com.android.support.constraint:constraint-layout:1.0.2] AndroidManifest.xml:2:1-11:12
MERGED from [com.google.firebase:firebase-messaging:11.6.0] AndroidManifest.xml:16:1-30:12
MERGED from [com.android.support:design:27.0.0] AndroidManifest.xml:17:1-22:12
MERGED from [com.android.support:appcompat-v7:27.0.0] AndroidManifest.xml:17:1-22:12
MERGED from [com.google.android.gms:play-services-places:11.6.0] AndroidManifest.xml:16:1-19:12
MERGED from [com.github.jd-alexander:library:1.1.0] AndroidManifest.xml:2:1-13:12
MERGED from [com.google.android.gms:play-services-maps:11.6.0] AndroidManifest.xml:16:1-25:12
MERGED from [com.google.android.gms:play-services-location:11.6.0] AndroidManifest.xml:2:1-5:12
MERGED from [com.google.android.gms:play-services-auth:11.6.0] AndroidManifest.xml:16:1-26:12
MERGED from [com.google.firebase:firebase-database-connection:11.6.0] AndroidManifest.xml:2:1-4:12
MERGED from [com.google.firebase:firebase-iid:11.6.0] AndroidManifest.xml:16:1-47:12
MERGED from [com.google.firebase:firebase-common:11.6.0] AndroidManifest.xml:2:1-8:12
MERGED from [com.google.android.gms:play-services-auth-api-phone:11.6.0] AndroidManifest.xml:2:1-4:12
MERGED from [com.google.android.gms:play-services-auth-base:11.6.0] AndroidManifest.xml:2:1-5:12
MERGED from [com.google.android.gms:play-services-base:11.6.0] AndroidManifest.xml:16:1-21:12
MERGED from [com.google.android.gms:play-services-tasks:11.6.0] AndroidManifest.xml:2:1-5:12
MERGED from [com.google.android.gms:play-services-basement:11.6.0] AndroidManifest.xml:16:1-23:12
MERGED from [com.google.firebase:firebase-database-license:11.6.0] AndroidManifest.xml:2:1-6:12
MERGED from [com.google.firebase:firebase-messaging-license:11.6.0] AndroidManifest.xml:2:1-6:12
MERGED from [com.android.support:support-v4:27.0.0] AndroidManifest.xml:17:1-22:12
MERGED from [com.android.support:support-fragment:27.0.0] AndroidManifest.xml:17:1-22:12
MERGED from [com.android.support:support-core-utils:27.0.0] AndroidManifest.xml:17:1-22:12
MERGED from [com.android.support:animated-vector-drawable:27.0.0] AndroidManifest.xml:17:1-22:12
MERGED from [com.android.support:support-vector-drawable:27.0.0] AndroidManifest.xml:17:1-22:12
MERGED from [com.android.support:recyclerview-v7:27.0.0] AndroidManifest.xml:17:1-22:12
MERGED from [com.android.support:transition:27.0.0] AndroidManifest.xml:17:1-22:12
MERGED from [com.android.support:support-core-ui:27.0.0] AndroidManifest.xml:17:1-22:12
MERGED from [com.android.support:support-media-compat:27.0.0] AndroidManifest.xml:17:1-22:12
MERGED from [com.android.support:support-compat:27.0.0] AndroidManifest.xml:17:1-22:12
MERGED from [com.google.android.gms:play-services-places-license:11.6.0] AndroidManifest.xml:2:1-6:12
MERGED from [com.google.android.gms:play-services-maps-license:11.6.0] AndroidManifest.xml:2:1-6:12
MERGED from [com.google.android.gms:play-services-location-license:11.6.0] AndroidManifest.xml:2:1-6:12
MERGED from [com.google.android.gms:play-services-basement-license:11.6.0] AndroidManifest.xml:2:1-6:12
MERGED from [com.google.firebase:firebase-database-connection-license:11.6.0] AndroidManifest.xml:2:1-6:12
MERGED from [com.google.firebase:firebase-common-license:11.6.0] AndroidManifest.xml:2:1-6:12
MERGED from [com.google.android.gms:play-services-tasks-license:11.6.0] AndroidManifest.xml:2:1-6:12
MERGED from [com.google.firebase:firebase-iid-license:11.6.0] AndroidManifest.xml:2:1-6:12
MERGED from [com.google.android.gms:play-services-base-license:11.6.0] AndroidManifest.xml:2:1-6:12
MERGED from [com.google.android.gms:play-services-auth-api-phone-license:11.6.0] AndroidManifest.xml:2:1-6:12
MERGED from [com.google.android.gms:play-services-auth-base-license:11.6.0] AndroidManifest.xml:2:1-6:12
MERGED from [android.arch.lifecycle:runtime:1.0.0] AndroidManifest.xml:17:1-30:12
INJECTED from src\main\AndroidManifest.xml:2:1-65:12
INJECTED from src\main\AndroidManifest.xml:2:1-65:12
INJECTED from src\main\AndroidManifest.xml:2:1-65:12
	package
		ADDED from src\main\AndroidManifest.xml:3:5-35
		INJECTED from src\main\AndroidManifest.xml
		INJECTED from src\main\AndroidManifest.xml
	android:versionName
		INJECTED from src\main\AndroidManifest.xml
		ADDED from src\main\AndroidManifest.xml:2:1-65:12
		INJECTED from src\main\AndroidManifest.xml
	android:versionCode
		INJECTED from src\main\AndroidManifest.xml
		ADDED from src\main\AndroidManifest.xml:2:1-65:12
		INJECTED from src\main\AndroidManifest.xml
	xmlns:android
		ADDED from src\main\AndroidManifest.xml:2:11-69
uses-permission#android.permission.ACCESS_COARSE_LOCATION
ADDED from src\main\AndroidManifest.xml:5:5-81
	android:name
		ADDED from src\main\AndroidManifest.xml:5:22-78
uses-permission#android.permission.ACCESS_FINE_LOCATION
ADDED from src\main\AndroidManifest.xml:6:5-79
	android:name
		ADDED from src\main\AndroidManifest.xml:6:22-76
uses-permission#android.permission.INTERNET
ADDED from src\main\AndroidManifest.xml:7:5-67
MERGED from [com.google.android.gms:play-services-maps:11.6.0] AndroidManifest.xml:20:5-66
MERGED from [com.google.android.gms:play-services-maps:11.6.0] AndroidManifest.xml:20:5-66
MERGED from [com.google.firebase:firebase-iid:11.6.0] AndroidManifest.xml:20:5-66
MERGED from [com.google.firebase:firebase-iid:11.6.0] AndroidManifest.xml:20:5-66
	android:name
		ADDED from src\main\AndroidManifest.xml:7:22-64
uses-permission#android.permission.ACCESS_NETWORK_STATE
ADDED from src\main\AndroidManifest.xml:8:5-79
MERGED from [com.google.android.gms:play-services-maps:11.6.0] AndroidManifest.xml:19:5-78
MERGED from [com.google.android.gms:play-services-maps:11.6.0] AndroidManifest.xml:19:5-78
MERGED from [com.google.firebase:firebase-iid:11.6.0] AndroidManifest.xml:19:5-78
MERGED from [com.google.firebase:firebase-iid:11.6.0] AndroidManifest.xml:19:5-78
	android:name
		ADDED from src\main\AndroidManifest.xml:8:22-76
uses-permission#android.permission.ACCESS_WIFI_STATE
ADDED from src\main\AndroidManifest.xml:9:5-76
	android:name
		ADDED from src\main\AndroidManifest.xml:9:22-73
uses-permission#android.permission.WRITE_EXTERNAL_STORAGE
ADDED from src\main\AndroidManifest.xml:10:5-81
	android:name
		ADDED from src\main\AndroidManifest.xml:10:22-78
uses-feature#0x00020000
ADDED from src\main\AndroidManifest.xml:12:5-14:35
MERGED from [com.google.android.gms:play-services-maps:11.6.0] AndroidManifest.xml:21:5-77
MERGED from [com.google.android.gms:play-services-maps:11.6.0] AndroidManifest.xml:21:5-77
	android:glEsVersion
		ADDED from src\main\AndroidManifest.xml:13:9-41
	android:required
		ADDED from src\main\AndroidManifest.xml:14:9-32
application
ADDED from src\main\AndroidManifest.xml:16:5-63:19
MERGED from [com.android.support.constraint:constraint-layout:1.0.2] AndroidManifest.xml:9:5-20
MERGED from [com.android.support.constraint:constraint-layout:1.0.2] AndroidManifest.xml:9:5-20
MERGED from [com.google.firebase:firebase-messaging:11.6.0] AndroidManifest.xml:19:5-29:19
MERGED from [com.google.firebase:firebase-messaging:11.6.0] AndroidManifest.xml:19:5-29:19
MERGED from [com.google.android.gms:play-services-places:11.6.0] AndroidManifest.xml:18:5-19
MERGED from [com.google.android.gms:play-services-places:11.6.0] AndroidManifest.xml:18:5-19
MERGED from [com.github.jd-alexander:library:1.1.0] AndroidManifest.xml:11:5-20
MERGED from [com.github.jd-alexander:library:1.1.0] AndroidManifest.xml:11:5-20
MERGED from [com.google.android.gms:play-services-maps:11.6.0] AndroidManifest.xml:24:5-19
MERGED from [com.google.android.gms:play-services-maps:11.6.0] AndroidManifest.xml:24:5-19
MERGED from [com.google.android.gms:play-services-location:11.6.0] AndroidManifest.xml:4:5-19
MERGED from [com.google.android.gms:play-services-location:11.6.0] AndroidManifest.xml:4:5-19
MERGED from [com.google.android.gms:play-services-auth:11.6.0] AndroidManifest.xml:19:5-25:19
MERGED from [com.google.android.gms:play-services-auth:11.6.0] AndroidManifest.xml:19:5-25:19
MERGED from [com.google.firebase:firebase-iid:11.6.0] AndroidManifest.xml:29:5-46:19
MERGED from [com.google.firebase:firebase-iid:11.6.0] AndroidManifest.xml:29:5-46:19
MERGED from [com.google.firebase:firebase-common:11.6.0] AndroidManifest.xml:4:5-7:19
MERGED from [com.google.firebase:firebase-common:11.6.0] AndroidManifest.xml:4:5-7:19
MERGED from [com.google.android.gms:play-services-base:11.6.0] AndroidManifest.xml:18:5-20:19
MERGED from [com.google.android.gms:play-services-base:11.6.0] AndroidManifest.xml:18:5-20:19
MERGED from [com.google.android.gms:play-services-tasks:11.6.0] AndroidManifest.xml:4:5-19
MERGED from [com.google.android.gms:play-services-tasks:11.6.0] AndroidManifest.xml:4:5-19
MERGED from [com.google.android.gms:play-services-basement:11.6.0] AndroidManifest.xml:19:5-21:19
MERGED from [com.google.android.gms:play-services-basement:11.6.0] AndroidManifest.xml:19:5-21:19
MERGED from [com.google.firebase:firebase-database-license:11.6.0] AndroidManifest.xml:5:5-20
MERGED from [com.google.firebase:firebase-database-license:11.6.0] AndroidManifest.xml:5:5-20
MERGED from [com.google.firebase:firebase-messaging-license:11.6.0] AndroidManifest.xml:5:5-20
MERGED from [com.google.firebase:firebase-messaging-license:11.6.0] AndroidManifest.xml:5:5-20
MERGED from [com.google.android.gms:play-services-places-license:11.6.0] AndroidManifest.xml:5:5-20
MERGED from [com.google.android.gms:play-services-places-license:11.6.0] AndroidManifest.xml:5:5-20
MERGED from [com.google.android.gms:play-services-maps-license:11.6.0] AndroidManifest.xml:5:5-20
MERGED from [com.google.android.gms:play-services-maps-license:11.6.0] AndroidManifest.xml:5:5-20
MERGED from [com.google.android.gms:play-services-location-license:11.6.0] AndroidManifest.xml:5:5-20
MERGED from [com.google.android.gms:play-services-location-license:11.6.0] AndroidManifest.xml:5:5-20
MERGED from [com.google.android.gms:play-services-basement-license:11.6.0] AndroidManifest.xml:5:5-20
MERGED from [com.google.android.gms:play-services-basement-license:11.6.0] AndroidManifest.xml:5:5-20
MERGED from [com.google.firebase:firebase-database-connection-license:11.6.0] AndroidManifest.xml:5:5-20
MERGED from [com.google.firebase:firebase-database-connection-license:11.6.0] AndroidManifest.xml:5:5-20
MERGED from [com.google.firebase:firebase-common-license:11.6.0] AndroidManifest.xml:5:5-20
MERGED from [com.google.firebase:firebase-common-license:11.6.0] AndroidManifest.xml:5:5-20
MERGED from [com.google.android.gms:play-services-tasks-license:11.6.0] AndroidManifest.xml:5:5-20
MERGED from [com.google.android.gms:play-services-tasks-license:11.6.0] AndroidManifest.xml:5:5-20
MERGED from [com.google.firebase:firebase-iid-license:11.6.0] AndroidManifest.xml:5:5-20
MERGED from [com.google.firebase:firebase-iid-license:11.6.0] AndroidManifest.xml:5:5-20
MERGED from [com.google.android.gms:play-services-base-license:11.6.0] AndroidManifest.xml:5:5-20
MERGED from [com.google.android.gms:play-services-base-license:11.6.0] AndroidManifest.xml:5:5-20
MERGED from [com.google.android.gms:play-services-auth-api-phone-license:11.6.0] AndroidManifest.xml:5:5-20
MERGED from [com.google.android.gms:play-services-auth-api-phone-license:11.6.0] AndroidManifest.xml:5:5-20
MERGED from [com.google.android.gms:play-services-auth-base-license:11.6.0] AndroidManifest.xml:5:5-20
MERGED from [com.google.android.gms:play-services-auth-base-license:11.6.0] AndroidManifest.xml:5:5-20
MERGED from [android.arch.lifecycle:runtime:1.0.0] AndroidManifest.xml:24:5-28:19
MERGED from [android.arch.lifecycle:runtime:1.0.0] AndroidManifest.xml:24:5-28:19
	android:supportsRtl
		ADDED from src\main\AndroidManifest.xml:19:9-35
	android:label
		ADDED from src\main\AndroidManifest.xml:18:9-34
	android:allowBackup
		ADDED from src\main\AndroidManifest.xml:17:9-35
	android:theme
		ADDED from src\main\AndroidManifest.xml:20:9-40
activity#com.Emergency.Driver.FirstActivity
ADDED from src\main\AndroidManifest.xml:21:9-60
	android:name
		ADDED from src\main\AndroidManifest.xml:21:19-48
activity#com.Emergency.Driver.PatientListView
ADDED from src\main\AndroidManifest.xml:22:9-53
	android:name
		ADDED from src\main\AndroidManifest.xml:22:19-50
service#com.Emergency.Driver.TokenActivity
ADDED from src\main\AndroidManifest.xml:24:9-28:19
	android:name
		ADDED from src\main\AndroidManifest.xml:24:18-47
intent-filter#com.google.firebase.INSTANCE_ID_EVENT
ADDED from src\main\AndroidManifest.xml:25:13-27:29
action#com.google.firebase.INSTANCE_ID_EVENT
ADDED from src\main\AndroidManifest.xml:26:17-80
	android:name
		ADDED from src\main\AndroidManifest.xml:26:25-77
service#com.Emergency.Driver.MyFirebaseMessagingService
ADDED from src\main\AndroidManifest.xml:29:9-33:19
	android:name
		ADDED from src\main\AndroidManifest.xml:29:18-60
intent-filter#com.google.firebase.MESSAGING_EVENT
ADDED from src\main\AndroidManifest.xml:30:13-32:29
action#com.google.firebase.MESSAGING_EVENT
ADDED from src\main\AndroidManifest.xml:31:17-78
	android:name
		ADDED from src\main\AndroidManifest.xml:31:25-75
meta-data#com.google.android.gms.version
ADDED from src\main\AndroidManifest.xml:35:9-37:69
MERGED from [com.google.android.gms:play-services-basement:11.6.0] AndroidManifest.xml:20:9-121
MERGED from [com.google.android.gms:play-services-basement:11.6.0] AndroidManifest.xml:20:9-121
	android:value
		ADDED from src\main\AndroidManifest.xml:37:13-66
	android:name
		ADDED from src\main\AndroidManifest.xml:36:13-58
meta-data#com.google.android.geo.API_KEY
ADDED from src\main\AndroidManifest.xml:40:9-42:71
	android:value
		ADDED from src\main\AndroidManifest.xml:42:13-68
	android:name
		ADDED from src\main\AndroidManifest.xml:41:13-58
activity#com.Emergency.Driver.MainActivity
ADDED from src\main\AndroidManifest.xml:44:9-52:20
	android:label
		ADDED from src\main\AndroidManifest.xml:46:13-38
	android:name
		ADDED from src\main\AndroidManifest.xml:45:13-41
intent-filter#android.intent.action.MAIN+android.intent.category.LAUNCHER
ADDED from src\main\AndroidManifest.xml:47:13-51:29
action#android.intent.action.MAIN
ADDED from src\main\AndroidManifest.xml:48:17-69
	android:name
		ADDED from src\main\AndroidManifest.xml:48:25-66
category#android.intent.category.LAUNCHER
ADDED from src\main\AndroidManifest.xml:50:17-77
	android:name
		ADDED from src\main\AndroidManifest.xml:50:27-74
activity#com.Emergency.Driver.SimpleDirectionActivity
ADDED from src\main\AndroidManifest.xml:53:9-55:41
	android:label
		ADDED from src\main\AndroidManifest.xml:55:13-38
	android:name
		ADDED from src\main\AndroidManifest.xml:54:13-52
activity#com.Emergency.Driver.notificationtarget
ADDED from src\main\AndroidManifest.xml:56:9-62:20
	android:name
		ADDED from src\main\AndroidManifest.xml:56:19-53
intent-filter#android.intent.category.DEFAULT+developers.naked.com.pushnotificationuserend_notification
ADDED from src\main\AndroidManifest.xml:57:13-61:29
action#developers.naked.com.pushnotificationuserend_notification
ADDED from src\main\AndroidManifest.xml:58:17-100
	android:name
		ADDED from src\main\AndroidManifest.xml:58:25-97
category#android.intent.category.DEFAULT
ADDED from src\main\AndroidManifest.xml:60:17-76
	android:name
		ADDED from src\main\AndroidManifest.xml:60:27-73
uses-sdk
INJECTED from src\main\AndroidManifest.xml reason: use-sdk injection requested
INJECTED from src\main\AndroidManifest.xml
INJECTED from src\main\AndroidManifest.xml
MERGED from [com.google.firebase:firebase-database:11.6.0] AndroidManifest.xml:3:5-43
MERGED from [com.google.firebase:firebase-database:11.6.0] AndroidManifest.xml:3:5-43
MERGED from [com.android.support.constraint:constraint-layout:1.0.2] AndroidManifest.xml:5:5-7:41
MERGED from [com.android.support.constraint:constraint-layout:1.0.2] AndroidManifest.xml:5:5-7:41
MERGED from [com.google.firebase:firebase-messaging:11.6.0] AndroidManifest.xml:17:5-43
MERGED from [com.google.firebase:firebase-messaging:11.6.0] AndroidManifest.xml:17:5-43
MERGED from [com.android.support:design:27.0.0] AndroidManifest.xml:20:5-44
MERGED from [com.android.support:design:27.0.0] AndroidManifest.xml:20:5-44
MERGED from [com.android.support:appcompat-v7:27.0.0] AndroidManifest.xml:20:5-44
MERGED from [com.android.support:appcompat-v7:27.0.0] AndroidManifest.xml:20:5-44
MERGED from [com.google.android.gms:play-services-places:11.6.0] AndroidManifest.xml:17:5-43
MERGED from [com.google.android.gms:play-services-places:11.6.0] AndroidManifest.xml:17:5-43
MERGED from [com.github.jd-alexander:library:1.1.0] AndroidManifest.xml:7:5-9:41
MERGED from [com.github.jd-alexander:library:1.1.0] AndroidManifest.xml:7:5-9:41
MERGED from [com.google.android.gms:play-services-maps:11.6.0] AndroidManifest.xml:23:5-43
MERGED from [com.google.android.gms:play-services-maps:11.6.0] AndroidManifest.xml:23:5-43
MERGED from [com.google.android.gms:play-services-location:11.6.0] AndroidManifest.xml:3:5-43
MERGED from [com.google.android.gms:play-services-location:11.6.0] AndroidManifest.xml:3:5-43
MERGED from [com.google.android.gms:play-services-auth:11.6.0] AndroidManifest.xml:17:5-43
MERGED from [com.google.android.gms:play-services-auth:11.6.0] AndroidManifest.xml:17:5-43
MERGED from [com.google.firebase:firebase-database-connection:11.6.0] AndroidManifest.xml:3:5-43
MERGED from [com.google.firebase:firebase-database-connection:11.6.0] AndroidManifest.xml:3:5-43
MERGED from [com.google.firebase:firebase-iid:11.6.0] AndroidManifest.xml:17:5-43
MERGED from [com.google.firebase:firebase-iid:11.6.0] AndroidManifest.xml:17:5-43
MERGED from [com.google.firebase:firebase-common:11.6.0] AndroidManifest.xml:3:5-43
MERGED from [com.google.firebase:firebase-common:11.6.0] AndroidManifest.xml:3:5-43
MERGED from [com.google.android.gms:play-services-auth-api-phone:11.6.0] AndroidManifest.xml:3:3-41
MERGED from [com.google.android.gms:play-services-auth-api-phone:11.6.0] AndroidManifest.xml:3:3-41
MERGED from [com.google.android.gms:play-services-auth-base:11.6.0] AndroidManifest.xml:4:5-43
MERGED from [com.google.android.gms:play-services-auth-base:11.6.0] AndroidManifest.xml:4:5-43
MERGED from [com.google.android.gms:play-services-base:11.6.0] AndroidManifest.xml:17:5-43
MERGED from [com.google.android.gms:play-services-base:11.6.0] AndroidManifest.xml:17:5-43
MERGED from [com.google.android.gms:play-services-tasks:11.6.0] AndroidManifest.xml:3:5-43
MERGED from [com.google.android.gms:play-services-tasks:11.6.0] AndroidManifest.xml:3:5-43
MERGED from [com.google.android.gms:play-services-basement:11.6.0] AndroidManifest.xml:17:5-43
MERGED from [com.google.android.gms:play-services-basement:11.6.0] AndroidManifest.xml:17:5-43
MERGED from [com.google.firebase:firebase-database-license:11.6.0] AndroidManifest.xml:4:5-43
MERGED from [com.google.firebase:firebase-database-license:11.6.0] AndroidManifest.xml:4:5-43
MERGED from [com.google.firebase:firebase-messaging-license:11.6.0] AndroidManifest.xml:4:5-43
MERGED from [com.google.firebase:firebase-messaging-license:11.6.0] AndroidManifest.xml:4:5-43
MERGED from [com.android.support:support-v4:27.0.0] AndroidManifest.xml:20:5-44
MERGED from [com.android.support:support-v4:27.0.0] AndroidManifest.xml:20:5-44
MERGED from [com.android.support:support-fragment:27.0.0] AndroidManifest.xml:20:5-44
MERGED from [com.android.support:support-fragment:27.0.0] AndroidManifest.xml:20:5-44
MERGED from [com.android.support:support-core-utils:27.0.0] AndroidManifest.xml:20:5-44
MERGED from [com.android.support:support-core-utils:27.0.0] AndroidManifest.xml:20:5-44
MERGED from [com.android.support:animated-vector-drawable:27.0.0] AndroidManifest.xml:20:5-44
MERGED from [com.android.support:animated-vector-drawable:27.0.0] AndroidManifest.xml:20:5-44
MERGED from [com.android.support:support-vector-drawable:27.0.0] AndroidManifest.xml:20:5-44
MERGED from [com.android.support:support-vector-drawable:27.0.0] AndroidManifest.xml:20:5-44
MERGED from [com.android.support:recyclerview-v7:27.0.0] AndroidManifest.xml:20:5-44
MERGED from [com.android.support:recyclerview-v7:27.0.0] AndroidManifest.xml:20:5-44
MERGED from [com.android.support:transition:27.0.0] AndroidManifest.xml:20:5-44
MERGED from [com.android.support:transition:27.0.0] AndroidManifest.xml:20:5-44
MERGED from [com.android.support:support-core-ui:27.0.0] AndroidManifest.xml:20:5-44
MERGED from [com.android.support:support-core-ui:27.0.0] AndroidManifest.xml:20:5-44
MERGED from [com.android.support:support-media-compat:27.0.0] AndroidManifest.xml:20:5-44
MERGED from [com.android.support:support-media-compat:27.0.0] AndroidManifest.xml:20:5-44
MERGED from [com.android.support:support-compat:27.0.0] AndroidManifest.xml:20:5-44
MERGED from [com.android.support:support-compat:27.0.0] AndroidManifest.xml:20:5-44
MERGED from [com.google.android.gms:play-services-places-license:11.6.0] AndroidManifest.xml:4:5-43
MERGED from [com.google.android.gms:play-services-places-license:11.6.0] AndroidManifest.xml:4:5-43
MERGED from [com.google.android.gms:play-services-maps-license:11.6.0] AndroidManifest.xml:4:5-43
MERGED from [com.google.android.gms:play-services-maps-license:11.6.0] AndroidManifest.xml:4:5-43
MERGED from [com.google.android.gms:play-services-location-license:11.6.0] AndroidManifest.xml:4:5-43
MERGED from [com.google.android.gms:play-services-location-license:11.6.0] AndroidManifest.xml:4:5-43
MERGED from [com.google.android.gms:play-services-basement-license:11.6.0] AndroidManifest.xml:4:5-43
MERGED from [com.google.android.gms:play-services-basement-license:11.6.0] AndroidManifest.xml:4:5-43
MERGED from [com.google.firebase:firebase-database-connection-license:11.6.0] AndroidManifest.xml:4:5-43
MERGED from [com.google.firebase:firebase-database-connection-license:11.6.0] AndroidManifest.xml:4:5-43
MERGED from [com.google.firebase:firebase-common-license:11.6.0] AndroidManifest.xml:4:5-43
MERGED from [com.google.firebase:firebase-common-license:11.6.0] AndroidManifest.xml:4:5-43
MERGED from [com.google.android.gms:play-services-tasks-license:11.6.0] AndroidManifest.xml:4:5-43
MERGED from [com.google.android.gms:play-services-tasks-license:11.6.0] AndroidManifest.xml:4:5-43
MERGED from [com.google.firebase:firebase-iid-license:11.6.0] AndroidManifest.xml:4:5-43
MERGED from [com.google.firebase:firebase-iid-license:11.6.0] AndroidManifest.xml:4:5-43
MERGED from [com.google.android.gms:play-services-base-license:11.6.0] AndroidManifest.xml:4:5-43
MERGED from [com.google.android.gms:play-services-base-license:11.6.0] AndroidManifest.xml:4:5-43
MERGED from [com.google.android.gms:play-services-auth-api-phone-license:11.6.0] AndroidManifest.xml:4:5-43
MERGED from [com.google.android.gms:play-services-auth-api-phone-license:11.6.0] AndroidManifest.xml:4:5-43
MERGED from [com.google.android.gms:play-services-auth-base-license:11.6.0] AndroidManifest.xml:4:5-43
MERGED from [com.google.android.gms:play-services-auth-base-license:11.6.0] AndroidManifest.xml:4:5-43
MERGED from [android.arch.lifecycle:runtime:1.0.0] AndroidManifest.xml:20:5-22:41
MERGED from [android.arch.lifecycle:runtime:1.0.0] AndroidManifest.xml:20:5-22:41
INJECTED from src\main\AndroidManifest.xml
INJECTED from src\main\AndroidManifest.xml
	android:targetSdkVersion
		INJECTED from src\main\AndroidManifest.xml
		ADDED from src\main\AndroidManifest.xml
		INJECTED from src\main\AndroidManifest.xml
	android:minSdkVersion
		INJECTED from src\main\AndroidManifest.xml
		ADDED from src\main\AndroidManifest.xml
		INJECTED from src\main\AndroidManifest.xml
service#com.google.firebase.messaging.FirebaseMessagingService
ADDED from [com.google.firebase:firebase-messaging:11.6.0] AndroidManifest.xml:23:9-27:19
	android:exported
		ADDED from [com.google.firebase:firebase-messaging:11.6.0] AndroidManifest.xml:23:88-111
	android:name
		ADDED from [com.google.firebase:firebase-messaging:11.6.0] AndroidManifest.xml:23:18-87
activity#com.google.android.gms.auth.api.signin.internal.SignInHubActivity
ADDED from [com.google.android.gms:play-services-auth:11.6.0] AndroidManifest.xml:20:9-189
	android:excludeFromRecents
		ADDED from [com.google.android.gms:play-services-auth:11.6.0] AndroidManifest.xml:20:129-162
	android:exported
		ADDED from [com.google.android.gms:play-services-auth:11.6.0] AndroidManifest.xml:20:163-187
	android:theme
		ADDED from [com.google.android.gms:play-services-auth:11.6.0] AndroidManifest.xml:20:69-128
	android:name
		ADDED from [com.google.android.gms:play-services-auth:11.6.0] AndroidManifest.xml:20:19-68
service#com.google.android.gms.auth.api.signin.RevocationBoundService
ADDED from [com.google.android.gms:play-services-auth:11.6.0] AndroidManifest.xml:24:9-184
	android:exported
		ADDED from [com.google.android.gms:play-services-auth:11.6.0] AndroidManifest.xml:24:64-87
	android:permission
		ADDED from [com.google.android.gms:play-services-auth:11.6.0] AndroidManifest.xml:24:88-182
	android:name
		ADDED from [com.google.android.gms:play-services-auth:11.6.0] AndroidManifest.xml:24:18-63
uses-permission#android.permission.WAKE_LOCK
ADDED from [com.google.firebase:firebase-iid:11.6.0] AndroidManifest.xml:21:5-67
	android:name
		ADDED from [com.google.firebase:firebase-iid:11.6.0] AndroidManifest.xml:21:22-65
uses-permission#com.google.android.c2dm.permission.RECEIVE
ADDED from [com.google.firebase:firebase-iid:11.6.0] AndroidManifest.xml:23:5-81
	android:name
		ADDED from [com.google.firebase:firebase-iid:11.6.0] AndroidManifest.xml:23:22-79
permission#${applicationId}.permission.C2D_MESSAGE
ADDED from [com.google.firebase:firebase-iid:11.6.0] AndroidManifest.xml:25:5-109
	android:protectionLevel
		ADDED from [com.google.firebase:firebase-iid:11.6.0] AndroidManifest.xml:25:72-107
	android:name
		ADDED from [com.google.firebase:firebase-iid:11.6.0] AndroidManifest.xml:25:17-71
permission#com.Emergency.Driver.permission.C2D_MESSAGE
ADDED from [com.google.firebase:firebase-iid:11.6.0] AndroidManifest.xml:25:5-109
	android:protectionLevel
		ADDED from [com.google.firebase:firebase-iid:11.6.0] AndroidManifest.xml:25:72-107
	android:name
		ADDED from [com.google.firebase:firebase-iid:11.6.0] AndroidManifest.xml:25:17-71
uses-permission#${applicationId}.permission.C2D_MESSAGE
ADDED from [com.google.firebase:firebase-iid:11.6.0] AndroidManifest.xml:27:5-78
	android:name
		ADDED from [com.google.firebase:firebase-iid:11.6.0] AndroidManifest.xml:27:22-76
uses-permission#com.Emergency.Driver.permission.C2D_MESSAGE
ADDED from [com.google.firebase:firebase-iid:11.6.0] AndroidManifest.xml:27:5-78
	android:name
		ADDED from [com.google.firebase:firebase-iid:11.6.0] AndroidManifest.xml:27:22-76
receiver#com.google.firebase.iid.FirebaseInstanceIdReceiver
ADDED from [com.google.firebase:firebase-iid:11.6.0] AndroidManifest.xml:31:9-36:20
	android:exported
		ADDED from [com.google.firebase:firebase-iid:11.6.0] AndroidManifest.xml:31:85-108
	android:permission
		ADDED from [com.google.firebase:firebase-iid:11.6.0] AndroidManifest.xml:31:109-169
	android:name
		ADDED from [com.google.firebase:firebase-iid:11.6.0] AndroidManifest.xml:31:19-84
intent-filter#${applicationId}+com.google.android.c2dm.intent.RECEIVE
ADDED from [com.google.firebase:firebase-iid:11.6.0] AndroidManifest.xml:32:13-35:29
intent-filter#com.Emergency.Driver+com.google.android.c2dm.intent.RECEIVE
ADDED from [com.google.firebase:firebase-iid:11.6.0] AndroidManifest.xml:32:13-35:29
action#com.google.android.c2dm.intent.RECEIVE
ADDED from [com.google.firebase:firebase-iid:11.6.0] AndroidManifest.xml:33:17-80
	android:name
		ADDED from [com.google.firebase:firebase-iid:11.6.0] AndroidManifest.xml:33:25-78
category#${applicationId}
ADDED from [com.google.firebase:firebase-iid:11.6.0] AndroidManifest.xml:34:17-60
	android:name
		ADDED from [com.google.firebase:firebase-iid:11.6.0] AndroidManifest.xml:34:27-58
category#com.Emergency.Driver
ADDED from [com.google.firebase:firebase-iid:11.6.0] AndroidManifest.xml:34:17-60
	android:name
		ADDED from [com.google.firebase:firebase-iid:11.6.0] AndroidManifest.xml:34:27-58
service#com.google.firebase.iid.FirebaseInstanceIdService
ADDED from [com.google.firebase:firebase-iid:11.6.0] AndroidManifest.xml:40:9-44:19
	android:exported
		ADDED from [com.google.firebase:firebase-iid:11.6.0] AndroidManifest.xml:40:83-106
	android:name
		ADDED from [com.google.firebase:firebase-iid:11.6.0] AndroidManifest.xml:40:18-82
provider#com.google.firebase.provider.FirebaseInitProvider
ADDED from [com.google.firebase:firebase-common:11.6.0] AndroidManifest.xml:6:9-194
	android:authorities
		ADDED from [com.google.firebase:firebase-common:11.6.0] AndroidManifest.xml:6:19-78
	android:exported
		ADDED from [com.google.firebase:firebase-common:11.6.0] AndroidManifest.xml:6:144-168
	android:initOrder
		ADDED from [com.google.firebase:firebase-common:11.6.0] AndroidManifest.xml:6:169-192
	android:name
		ADDED from [com.google.firebase:firebase-common:11.6.0] AndroidManifest.xml:6:79-143
activity#com.google.android.gms.common.api.GoogleApiActivity
ADDED from [com.google.android.gms:play-services-base:11.6.0] AndroidManifest.xml:19:9-172
	android:exported
		ADDED from [com.google.android.gms:play-services-base:11.6.0] AndroidManifest.xml:19:146-170
	android:theme
		ADDED from [com.google.android.gms:play-services-base:11.6.0] AndroidManifest.xml:19:86-145
	android:name
		ADDED from [com.google.android.gms:play-services-base:11.6.0] AndroidManifest.xml:19:19-85
meta-data#android.arch.lifecycle.VERSION
ADDED from [android.arch.lifecycle:runtime:1.0.0] AndroidManifest.xml:25:9-27:47
	android:value
		ADDED from [android.arch.lifecycle:runtime:1.0.0] AndroidManifest.xml:27:13-44
	android:name